#
# A fatal error has been detected by the Java Runtime Environment:
#
#  EXCEPTION_ACCESS_VIOLATION (0xc0000005) at pc=0x00007fffc569fc80, pid=5704, tid=10444
#
# JRE version: Java(TM) SE Runtime Environment (14.0.2+12) (build 14.0.2+12-46)
# Java VM: Java HotSpot(TM) 64-Bit Server VM (14.0.2+12-46, mixed mode, sharing, tiered, compressed oops, g1 gc, windows-amd64)
# Problematic frame:
# C  [jfxwebkit.dll+0x63fc80]
#
# No core dump will be written. Minidumps are not enabled by default on client versions of Windows
#
# If you would like to submit a bug report, please visit:
#   https://bugreport.java.com/bugreport/crash.jsp
# The crash happened outside the Java Virtual Machine in native code.
# See problematic frame for where to report the bug.
#

---------------  S U M M A R Y ------------

Command Line: -Dfile.encoding=UTF-8 --module-path=C:\Program Files\Java\javafx-sdk-15.0.1\lib --add-modules=ALL-MODULE-PATH browser1.Browser1

Host: Intel(R) Core(TM) i3-6100 CPU @ 3.70GHz, 4 cores, 3G,  Windows 10 , 64 bit Build 17134 (10.0.17134.753)
Time: Sun Feb  7 02:02:29 2021 Bangladesh Standard Time elapsed time: 567 seconds (0d 0h 9m 27s)

---------------  T H R E A D  ---------------

Current thread (0x000001c1c0065800):  JavaThread "JavaFX Application Thread" [_thread_in_native, id=10444, stack(0x0000002e1a400000,0x0000002e1a500000)]

Stack: [0x0000002e1a400000,0x0000002e1a500000],  sp=0x0000002e1a4f62d0,  free space=984k
Native frames: (J=compiled Java code, j=interpreted, Vv=VM code, C=native code)
C  [jfxwebkit.dll+0x63fc80]

Java frames: (J=compiled Java code, j=interpreted, Vv=VM code)
j  com.sun.webkit.network.URLLoaderBase.twkDidFail(ILjava/lang/String;Ljava/lang/String;J)V+0 javafx.web
j  com.sun.webkit.network.HTTP2Loader.notifyDidFail(ILjava/lang/String;Ljava/lang/String;)V+66 javafx.web
j  com.sun.webkit.network.HTTP2Loader.lambda$didFail$18(Ljava/lang/Throwable;)V+74 javafx.web
j  com.sun.webkit.network.HTTP2Loader$$Lambda$815.run()V+8 javafx.web
J 9504 c2 com.sun.webkit.network.HTTP2Loader.callBackIfNotCanceled(Ljava/lang/Runnable;)V javafx.web (14 bytes) @ 0x000001c1b33f6010 [0x000001c1b33f5e00+0x0000000000000210]
j  com.sun.webkit.network.HTTP2Loader.didFail(Ljava/lang/Throwable;)Ljava/lang/Void;+8 javafx.web
j  com.sun.webkit.network.HTTP2Loader.lambda$new$8(Ljava/lang/Throwable;)Ljava/lang/Void;+5 javafx.web
j  com.sun.webkit.network.HTTP2Loader$$Lambda$269.apply(Ljava/lang/Object;)Ljava/lang/Object;+8 javafx.web
J 10778 c1 java.util.concurrent.CompletableFuture.uniExceptionally(Ljava/lang/Object;Ljava/util/function/Function;Ljava/util/concurrent/CompletableFuture$UniExceptionally;)Z java.base@14.0.2 (76 bytes) @ 0x000001c1ac800e94 [0x000001c1ac800380+0x0000000000000b14]
J 9901 c1 java.util.concurrent.CompletableFuture.uniExceptionallyStage(Ljava/util/concurrent/Executor;Ljava/util/function/Function;)Ljava/util/concurrent/CompletableFuture; java.base@14.0.2 (94 bytes) @ 0x000001c1aba1e144 [0x000001c1aba1d840+0x0000000000000904]
J 11659 c1 com.sun.webkit.network.HTTP2Loader.lambda$new$9(Ljava/net/http/HttpRequest;Ljava/net/http/HttpResponse$BodyHandler;)Ljava/util/concurrent/CompletableFuture; javafx.web (26 bytes) @ 0x000001c1abc6a63c [0x000001c1abc69f00+0x000000000000073c]
J 10276 c1 com.sun.webkit.network.HTTP2Loader.<init>(Lcom/sun/webkit/WebPage;Lcom/sun/webkit/network/ByteBufferPool;ZLjava/lang/String;Ljava/lang/String;Ljava/lang/String;[Lcom/sun/webkit/network/FormDataElement;J)V javafx.web (168 bytes) @ 0x000001c1ac71782c [0x000001c1ac716400+0x000000000000142c]
J 9396 c1 com.sun.webkit.network.HTTP2Loader.create(Lcom/sun/webkit/WebPage;Lcom/sun/webkit/network/ByteBufferPool;ZLjava/lang/String;Ljava/lang/String;Ljava/lang/String;[Lcom/sun/webkit/network/FormDataElement;J)Lcom/sun/webkit/network/HTTP2Loader; javafx.web (40 bytes) @ 0x000001c1ac486514 [0x000001c1ac486260+0x00000000000002b4]
J 9395 c1 com.sun.webkit.network.NetworkContext.fwkLoad(Lcom/sun/webkit/WebPage;ZLjava/lang/String;Ljava/lang/String;Ljava/lang/String;[Lcom/sun/webkit/network/FormDataElement;J)Lcom/sun/webkit/network/URLLoaderBase; javafx.web (243 bytes) @ 0x000001c1ac4b7e3c [0x000001c1ac4b65c0+0x000000000000187c]
v  ~StubRoutines::call_stub
j  com.sun.webkit.WebPage.twkProcessKeyEvent(JILjava/lang/String;Ljava/lang/String;IZZZZD)Z+0 javafx.web
j  com.sun.webkit.WebPage.dispatchKeyEvent(Lcom/sun/webkit/event/WCKeyEvent;)Z+110 javafx.web
j  javafx.scene.web.WebView.processKeyEvent(Ljavafx/scene/input/KeyEvent;)V+111 javafx.web
j  javafx.scene.web.WebView.lambda$registerEventHandlers$2(Ljavafx/scene/input/KeyEvent;)V+2 javafx.web
j  javafx.scene.web.WebView$$Lambda$186.handle(Ljavafx/event/Event;)V+8 javafx.web
J 11898 c2 com.sun.javafx.event.EventHandlerManager.dispatchBubblingEvent(Ljavafx/event/EventType;Ljavafx/event/Event;)Ljavafx/event/Event; javafx.base (41 bytes) @ 0x000001c1b36001ec [0x000001c1b35ffde0+0x000000000000040c]
J 10718 c2 com.sun.javafx.event.EventHandlerManager.dispatchBubblingEvent(Ljavafx/event/Event;)Ljavafx/event/Event; javafx.base (23 bytes) @ 0x000001c1b33ae264 [0x000001c1b33ae1c0+0x00000000000000a4]
J 9631 c2 com.sun.javafx.event.BasicEventDispatcher.dispatchEvent(Ljavafx/event/Event;Ljavafx/event/EventDispatchChain;)Ljavafx/event/Event; javafx.base (44 bytes) @ 0x000001c1b344bb18 [0x000001c1b344b9c0+0x0000000000000158]
J 9631 c2 com.sun.javafx.event.BasicEventDispatcher.dispatchEvent(Ljavafx/event/Event;Ljavafx/event/EventDispatchChain;)Ljavafx/event/Event; javafx.base (44 bytes) @ 0x000001c1b344bab0 [0x000001c1b344b9c0+0x00000000000000f0]
J 9631 c2 com.sun.javafx.event.BasicEventDispatcher.dispatchEvent(Ljavafx/event/Event;Ljavafx/event/EventDispatchChain;)Ljavafx/event/Event; javafx.base (44 bytes) @ 0x000001c1b344bab0 [0x000001c1b344b9c0+0x00000000000000f0]
J 9631 c2 com.sun.javafx.event.BasicEventDispatcher.dispatchEvent(Ljavafx/event/Event;Ljavafx/event/EventDispatchChain;)Ljavafx/event/Event; javafx.base (44 bytes) @ 0x000001c1b344bab0 [0x000001c1b344b9c0+0x00000000000000f0]
J 8689 c2 com.sun.javafx.event.EventDispatchChainImpl.dispatchEvent(Ljavafx/event/Event;)Ljavafx/event/Event; javafx.base (101 bytes) @ 0x000001c1b32e1a74 [0x000001c1b32e19c0+0x00000000000000b4]
J 7354 c1 com.sun.javafx.event.EventUtil.fireEvent(Ljavafx/event/EventTarget;Ljavafx/event/Event;)Ljavafx/event/Event; javafx.base (81 bytes) @ 0x000001c1abda360c [0x000001c1abda2e00+0x000000000000080c]
J 7353 c1 javafx.event.Event.fireEvent(Ljavafx/event/EventTarget;Ljavafx/event/Event;)V javafx.base (35 bytes) @ 0x000001c1abda27a4 [0x000001c1abda26e0+0x00000000000000c4]
j  javafx.scene.Scene$KeyHandler.process(Ljavafx/scene/input/KeyEvent;)V+34 javafx.graphics
j  javafx.scene.Scene.processKeyEvent(Ljavafx/scene/input/KeyEvent;)V+28 javafx.graphics
j  javafx.scene.Scene$ScenePeerListener.keyEvent(Ljavafx/scene/input/KeyEvent;)V+5 javafx.graphics
j  com.sun.javafx.tk.quantum.GlassViewEventHandler$KeyEventNotification.run()Ljava/lang/Void;+357 javafx.graphics
j  com.sun.javafx.tk.quantum.GlassViewEventHandler$KeyEventNotification.run()Ljava/lang/Object;+1 javafx.graphics
J 5149 c2 java.security.AccessController.doPrivileged(Ljava/security/PrivilegedAction;Ljava/security/AccessControlContext;)Ljava/lang/Object; java.base@14.0.2 (17 bytes) @ 0x000001c1b2f3b898 [0x000001c1b2f3b840+0x0000000000000058]
j  com.sun.javafx.tk.quantum.GlassViewEventHandler.lambda$handleKeyEvent$1()Ljava/lang/Void;+11 javafx.graphics
j  com.sun.javafx.tk.quantum.GlassViewEventHandler$$Lambda$786.get()Ljava/lang/Object;+4 javafx.graphics
J 11440 c2 com.sun.javafx.tk.quantum.QuantumToolkit.runWithoutRenderLock(Ljava/util/function/Supplier;)Ljava/lang/Object; javafx.graphics (49 bytes) @ 0x000001c1b35a5a9c [0x000001c1b35a58e0+0x00000000000001bc]
j  com.sun.javafx.tk.quantum.GlassViewEventHandler.handleKeyEvent(Lcom/sun/glass/ui/View;JII[CI)V+58 javafx.graphics
j  com.sun.glass.ui.View.handleKeyEvent(JII[CI)V+20 javafx.graphics
j  com.sun.glass.ui.View.notifyKey(II[CI)V+9 javafx.graphics
v  ~StubRoutines::call_stub
j  com.sun.glass.ui.win.WinApplication._runLoop(Ljava/lang/Runnable;)V+0 javafx.graphics
j  com.sun.glass.ui.win.WinApplication.lambda$runLoop$3(ILjava/lang/Runnable;)V+8 javafx.graphics
j  com.sun.glass.ui.win.WinApplication$$Lambda$95.run()V+12 javafx.graphics
j  java.lang.Thread.run()V+11 java.base@14.0.2
v  ~StubRoutines::call_stub

siginfo: EXCEPTION_ACCESS_VIOLATION (0xc0000005), reading address 0x00000000000003c8


Register to memory mapping:

RIP=0x00007fffc569fc80 jfxwebkit.dll
RAX=0x0000002e1a4f62a0 is pointing into the stack for thread: 0x000001c1c0065800
RBX=0x000001c21b0cb790 points into unknown readable memory: e0 39 95 c6 ff 7f 00 00
RCX=0x0 is NULL
RDX=0x0000000000000001 is an unknown value
RSP=0x0000002e1a4f62d0 is pointing into the stack for thread: 0x000001c1c0065800
RBP=0x0000002e1a4f6439 is pointing into the stack for thread: 0x000001c1c0065800
RSI=0x0000002e1a4f6560 is pointing into the stack for thread: 0x000001c1c0065800
RDI=0x0000002e1a4f63e0 is pointing into the stack for thread: 0x000001c1c0065800
R8 =0x000001c218ea99d0 points into unknown readable memory: ff ff ff ff 00 00 00 00
R9 =0x0000002e1a4f6280 is pointing into the stack for thread: 0x000001c1c0065800
R10=0x000001c218ea99a0 points into unknown readable memory: 00 00 00 00 00 00 00 00
R11=0x000001c218ea99d0 points into unknown readable memory: ff ff ff ff 00 00 00 00
R12=0x00007fffc511ba30 jfxwebkit.dll
R13={method} {0x000001c1c5bc5ed0} 'twkDidFail' '(ILjava/lang/String;Ljava/lang/String;J)V' in 'com/sun/webkit/network/URLLoaderBase'
R14=0x000001c210607c10 points into unknown readable memory: 48 cf 8e c6 ff 7f 00 00
R15=0x0000000000000063 is an unknown value


Registers:
RAX=0x0000002e1a4f62a0, RBX=0x000001c21b0cb790, RCX=0x0000000000000000, RDX=0x0000000000000001
RSP=0x0000002e1a4f62d0, RBP=0x0000002e1a4f6439, RSI=0x0000002e1a4f6560, RDI=0x0000002e1a4f63e0
R8 =0x000001c218ea99d0, R9 =0x0000002e1a4f6280, R10=0x000001c218ea99a0, R11=0x000001c218ea99d0
R12=0x00007fffc511ba30, R13=0x000001c1c5bc5ec8, R14=0x000001c210607c10, R15=0x0000000000000063
RIP=0x00007fffc569fc80, EFLAGS=0x0000000000010202

Top of Stack: (sp=0x0000002e1a4f62d0)
0x0000002e1a4f62d0:   00000000000003cb 000001c21b643ed0
0x0000002e1a4f62e0:   0000002e1a4f6560 0000000000000001
0x0000002e1a4f62f0:   000001c21b643ed0 00007fffc51efeec
0x0000002e1a4f6300:   000001c21b643ed0 000001c21b643ed0
0x0000002e1a4f6310:   0000002e1a4f6439 000001c21b643ed0
0x0000002e1a4f6320:   000001c21b643ed0 00007fffc508114e
0x0000002e1a4f6330:   000001c21b0cb790 00005d4161a32353
0x0000002e1a4f6340:   0000002e1a4f63e0 00007fffc51e2346
0x0000002e1a4f6350:   0000000000000000 000001c21b643ed0
0x0000002e1a4f6360:   0000002e1a4f6560 000001c21b643ed0
0x0000002e1a4f6370:   0000002e1a4f63e0 00007fffc511ba5f
0x0000002e1a4f6380:   000001c210607c10 000001c1c0065b10
0x0000002e1a4f6390:   00005d4161a32363 0000002e1a4f6560
0x0000002e1a4f63a0:   0000000000000000 00007fffc511fbfd
0x0000002e1a4f63b0:   0000002e1a4f63d0 0000002e1a4f6439
0x0000002e1a4f63c0:   000001c210607c10 0000002e1a4f63d0 

Instructions: (pc=0x00007fffc569fc80)
0x00007fffc569fb80:   d9 0f 84 da 00 00 00 48 8b 89 00 04 00 00 48 85
0x00007fffc569fb90:   c9 0f 84 85 00 00 00 48 83 c1 10 48 89 7c 24 38
0x00007fffc569fba0:   48 8d 54 24 30 48 89 5c 24 30 e8 c1 89 9e ff 48
0x00007fffc569fbb0:   8b 83 00 04 00 00 48 8b 48 10 48 85 c9 74 06 83
0x00007fffc569fbc0:   79 f4 00 75 0f 48 8b 83 08 04 00 00 48 c7 40 18
0x00007fffc569fbd0:   00 00 00 00 48 8b bb 00 04 00 00 48 c7 83 00 04
0x00007fffc569fbe0:   00 00 00 00 00 00 48 85 ff 74 2c 8b 47 08 83 e8
0x00007fffc569fbf0:   01 74 05 89 47 08 eb 1f 48 85 ff 74 1a 48 8b 4f
0x00007fffc569fc00:   10 48 85 c9 74 09 48 83 c1 f0 e8 11 db 08 01 48
0x00007fffc569fc10:   8b cf e8 09 db 08 01 48 8b 7c 24 38 48 8b 8b 08
0x00007fffc569fc20:   04 00 00 48 c7 83 08 04 00 00 00 00 00 00 48 85
0x00007fffc569fc30:   c9 74 1c 8b 41 08 83 e8 01 74 05 89 41 08 eb 0f
0x00007fffc569fc40:   48 85 c9 74 0a 48 8b 01 ba 01 00 00 00 ff 10 83
0x00007fffc569fc50:   a3 20 04 00 00 f8 0f 57 c0 f2 0f 11 83 18 04 00
0x00007fffc569fc60:   00 48 83 c4 20 5b c3 cc cc cc cc cc cc cc cc cc
0x00007fffc569fc70:   40 53 48 83 ec 20 48 8b d9 48 8b 89 00 03 00 00
0x00007fffc569fc80:   8b 81 c8 03 00 00 89 83 30 03 00 00 48 c7 83 00
0x00007fffc569fc90:   03 00 00 00 00 00 00 48 85 c9 74 27 8b 41 10 83
0x00007fffc569fca0:   e8 01 74 10 89 41 10 48 8b cb 48 83 c4 20 5b e9
0x00007fffc569fcb0:   4c 0b 00 00 48 85 c9 74 0a 48 8b 01 ba 01 00 00
0x00007fffc569fcc0:   00 ff 10 48 8b cb 48 83 c4 20 5b e9 30 0b 00 00
0x00007fffc569fcd0:   40 53 48 83 ec 20 f6 81 ea 03 00 00 20 48 8b d9
0x00007fffc569fce0:   75 56 48 8b 81 58 03 00 00 48 c7 80 60 03 00 00
0x00007fffc569fcf0:   00 00 00 00 48 8b 89 58 03 00 00 e8 00 0b 00 00
0x00007fffc569fd00:   48 8b 8b 40 03 00 00 48 85 c9 74 14 48 83 c1 f0
0x00007fffc569fd10:   e8 0b da 08 01 48 c7 83 40 03 00 00 00 00 00 00
0x00007fffc569fd20:   48 8b cb 48 c7 83 58 03 00 00 00 00 00 00 48 83
0x00007fffc569fd30:   c4 20 5b e9 c8 0a 00 00 48 83 c4 20 5b c3 cc cc
0x00007fffc569fd40:   48 8b 89 08 04 00 00 48 85 c9 74 0a 48 8b 01 48
0x00007fffc569fd50:   ff a0 80 00 00 00 c3 cc cc cc cc cc cc cc cc cc
0x00007fffc569fd60:   40 55 53 57 41 54 41 55 48 8d 6c 24 c9 48 81 ec
0x00007fffc569fd70:   d0 00 00 00 48 8b 05 9d 76 1f 03 48 33 c4 48 89 


Stack slot to memory mapping:
stack at sp + 0 slots: 0x00000000000003cb is an unknown value
stack at sp + 1 slots: 0x000001c21b643ed0 points into unknown readable memory: 10 68 8f c6 ff 7f 00 00
stack at sp + 2 slots: 0x0000002e1a4f6560 is pointing into the stack for thread: 0x000001c1c0065800
stack at sp + 3 slots: 0x0000000000000001 is an unknown value
stack at sp + 4 slots: 0x000001c21b643ed0 points into unknown readable memory: 10 68 8f c6 ff 7f 00 00
stack at sp + 5 slots: 0x00007fffc51efeec jfxwebkit.dll
stack at sp + 6 slots: 0x000001c21b643ed0 points into unknown readable memory: 10 68 8f c6 ff 7f 00 00
stack at sp + 7 slots: 0x000001c21b643ed0 points into unknown readable memory: 10 68 8f c6 ff 7f 00 00


---------------  P R O C E S S  ---------------

Threads class SMR info:
_java_thread_list=0x000001c2121fb100, length=28, elements={
0x000001c1a2a4f800, 0x000001c1beb91800, 0x000001c1beb94800, 0x000001c1bebad800,
0x000001c1bebae800, 0x000001c1bebaf800, 0x000001c1bebb5000, 0x000001c1bebb6000,
0x000001c1bebc1000, 0x000001c1bf5c6800, 0x000001c1c0367800, 0x000001c1bfdbf800,
0x000001c1c006d800, 0x000001c1c0065800, 0x000001c1c0182000, 0x000001c1c00f1800,
0x000001c1bf8dc800, 0x000001c1c0d7a800, 0x000001c1c0fe1000, 0x000001c1c0074000,
0x000001c1c0074800, 0x000001c1c0073000, 0x000001c1c006f800, 0x000001c1bfabd000,
0x000001c21adf6800, 0x000001c217f12000, 0x000001c224cd5800, 0x000001c218ba5000
}

Java Threads: ( => current thread )
  0x000001c1a2a4f800 JavaThread "main" [_thread_blocked, id=11216, stack(0x0000002e19000000,0x0000002e19100000)]
  0x000001c1beb91800 JavaThread "Reference Handler" daemon [_thread_blocked, id=9700, stack(0x0000002e19700000,0x0000002e19800000)]
  0x000001c1beb94800 JavaThread "Finalizer" daemon [_thread_blocked, id=10120, stack(0x0000002e19800000,0x0000002e19900000)]
  0x000001c1bebad800 JavaThread "Signal Dispatcher" daemon [_thread_blocked, id=9872, stack(0x0000002e19900000,0x0000002e19a00000)]
  0x000001c1bebae800 JavaThread "Attach Listener" daemon [_thread_blocked, id=7156, stack(0x0000002e19a00000,0x0000002e19b00000)]
  0x000001c1bebaf800 JavaThread "Service Thread" daemon [_thread_blocked, id=7672, stack(0x0000002e19b00000,0x0000002e19c00000)]
  0x000001c1bebb5000 JavaThread "C2 CompilerThread0" daemon [_thread_blocked, id=3340, stack(0x0000002e19c00000,0x0000002e19d00000)]
  0x000001c1bebb6000 JavaThread "C1 CompilerThread0" daemon [_thread_blocked, id=1020, stack(0x0000002e19d00000,0x0000002e19e00000)]
  0x000001c1bebc1000 JavaThread "Sweeper thread" daemon [_thread_blocked, id=2280, stack(0x0000002e19e00000,0x0000002e19f00000)]
  0x000001c1bf5c6800 JavaThread "Common-Cleaner" daemon [_thread_blocked, id=1832, stack(0x0000002e19f00000,0x0000002e1a000000)]
  0x000001c1c0367800 JavaThread "Notification Thread" daemon [_thread_blocked, id=11436, stack(0x0000002e1a100000,0x0000002e1a200000)]
  0x000001c1bfdbf800 JavaThread "QuantumRenderer-0" daemon [_thread_blocked, id=12248, stack(0x0000002e1a000000,0x0000002e1a100000)]
  0x000001c1c006d800 JavaThread "InvokeLaterDispatcher" daemon [_thread_blocked, id=11368, stack(0x0000002e1a300000,0x0000002e1a400000)]
=>0x000001c1c0065800 JavaThread "JavaFX Application Thread" [_thread_in_native, id=10444, stack(0x0000002e1a400000,0x0000002e1a500000)]
  0x000001c1c0182000 JavaThread "Thread-1" daemon [_thread_in_native, id=6232, stack(0x0000002e1ab00000,0x0000002e1ac00000)]
  0x000001c1c00f1800 JavaThread "JavaFX-Launcher" [_thread_blocked, id=10764, stack(0x0000002e1ac00000,0x0000002e1ad00000)]
  0x000001c1bf8dc800 JavaThread "Prism Font Disposer" daemon [_thread_blocked, id=9952, stack(0x0000002e1ad00000,0x0000002e1ae00000)]
  0x000001c1c0d7a800 JavaThread "Disposer" daemon [_thread_blocked, id=3680, stack(0x0000002e1ae00000,0x0000002e1af00000)]
  0x000001c1c0fe1000 JavaThread "HttpClient-1-SelectorManager" daemon [_thread_in_native, id=5236, stack(0x0000002e1af00000,0x0000002e1b000000)]
  0x000001c1c0074000 JavaThread "ForkJoinPool.commonPool-worker-3" daemon [_thread_blocked, id=10756, stack(0x0000002e1b500000,0x0000002e1b600000)]
  0x000001c1c0074800 JavaThread "Cleaner-0" daemon [_thread_blocked, id=10872, stack(0x0000002e1bb00000,0x0000002e1bc00000)]
  0x000001c1c0073000 JavaThread "Thread-3" daemon [_thread_in_native, id=12136, stack(0x0000002e1bc00000,0x0000002e1bd00000)]
  0x000001c1c006f800 JavaThread "ForkJoinPool.commonPool-worker-7" daemon [_thread_blocked, id=7940, stack(0x0000002e1c200000,0x0000002e1c300000)]
  0x000001c1bfabd000 JavaThread "mysql-cj-abandoned-connection-cleanup" daemon [_thread_blocked, id=4536, stack(0x0000002e1c400000,0x0000002e1c500000)]
  0x000001c21adf6800 JavaThread "Media Resource Disposer" daemon [_thread_blocked, id=4508, stack(0x0000002e1d900000,0x0000002e1da00000)]
  0x000001c217f12000 JavaThread "ForkJoinPool.commonPool-worker-1" daemon [_thread_blocked, id=11284, stack(0x0000002e1ca00000,0x0000002e1cb00000)]
  0x000001c224cd5800 JavaThread "HttpClient-1-Worker-50" daemon [_thread_blocked, id=11752, stack(0x0000002e1b000000,0x0000002e1b100000)]
  0x000001c218ba5000 JavaThread "HttpClient-1-Worker-51" daemon [_thread_blocked, id=7668, stack(0x0000002e1b200000,0x0000002e1b300000)]

Other Threads:
  0x000001c1beb90000 VMThread "VM Thread" [stack: 0x0000002e19600000,0x0000002e19700000] [id=11300]
  0x000001c1bf6d3800 WatcherThread [stack: 0x0000002e1a200000,0x0000002e1a300000] [id=8660]
  0x000001c1a2a7e800 GCTaskThread "GC Thread#0" [stack: 0x0000002e19100000,0x0000002e19200000] [id=6840]
  0x000001c1bfd9f000 GCTaskThread "GC Thread#1" [stack: 0x0000002e1a800000,0x0000002e1a900000] [id=10948]
  0x000001c1bfda0000 GCTaskThread "GC Thread#2" [stack: 0x0000002e1a900000,0x0000002e1aa00000] [id=8608]
  0x000001c1c015d000 GCTaskThread "GC Thread#3" [stack: 0x0000002e1aa00000,0x0000002e1ab00000] [id=3456]
  0x000001c1a2a89000 ConcurrentGCThread "G1 Main Marker" [stack: 0x0000002e19200000,0x0000002e19300000] [id=11440]
  0x000001c1a2a8b800 ConcurrentGCThread "G1 Conc#0" [stack: 0x0000002e19300000,0x0000002e19400000] [id=8408]
  0x000001c1a2ae3800 ConcurrentGCThread "G1 Refine#0" [stack: 0x0000002e19400000,0x0000002e19500000] [id=8772]
  0x000001c1a2ae4800 ConcurrentGCThread "G1 Young RemSet Sampling" [stack: 0x0000002e19500000,0x0000002e19600000] [id=8240]

Threads with active compile tasks:

VM state:not at safepoint (normal execution)

VM Mutex/Monitor currently owned by a thread: None

Heap address: 0x00000000c1c00000, size: 996 MB, Compressed Oops mode: 32-bit
Narrow klass base: 0x0000000800000000, Narrow klass shift: 3
Compressed class space size: 1073741824 Address: 0x0000000800b30000

Heap:
 garbage-first heap   total 99328K, used 74512K [0x00000000c1c00000, 0x0000000100000000)
  region size 1024K, 52 young (53248K), 5 survivors (5120K)
 Metaspace       used 38583K, capacity 40208K, committed 40448K, reserved 1085440K
  class space    used 4640K, capacity 5280K, committed 5376K, reserved 1048576K
Heap Regions: E=young(eden), S=young(survivor), O=old, HS=humongous(starts), HC=humongous(continues), CS=collection set, F=free, OA=open archive, CA=closed archive, TAMS=top-at-mark-start (previous, next)
|   0|0x00000000c1c00000, 0x00000000c1d00000, 0x00000000c1d00000|100%| O|  |TAMS 0x00000000c1d00000, 0x00000000c1c00000| Untracked 
|   1|0x00000000c1d00000, 0x00000000c1e00000, 0x00000000c1e00000|100%| O|  |TAMS 0x00000000c1e00000, 0x00000000c1d00000| Untracked 
|   2|0x00000000c1e00000, 0x00000000c1f00000, 0x00000000c1f00000|100%| O|  |TAMS 0x00000000c1f00000, 0x00000000c1e00000| Untracked 
|   3|0x00000000c1f00000, 0x00000000c2000000, 0x00000000c2000000|100%| O|  |TAMS 0x00000000c2000000, 0x00000000c1f00000| Untracked 
|   4|0x00000000c2000000, 0x00000000c2100000, 0x00000000c2100000|100%| O|  |TAMS 0x00000000c2100000, 0x00000000c2000000| Untracked 
|   5|0x00000000c2100000, 0x00000000c2200000, 0x00000000c2200000|100%| O|  |TAMS 0x00000000c2200000, 0x00000000c2100000| Untracked 
|   6|0x00000000c2200000, 0x00000000c2300000, 0x00000000c2300000|100%| O|  |TAMS 0x00000000c2300000, 0x00000000c2200000| Untracked 
|   7|0x00000000c2300000, 0x00000000c2400000, 0x00000000c2400000|100%| O|  |TAMS 0x00000000c2400000, 0x00000000c2300000| Untracked 
|   8|0x00000000c2400000, 0x00000000c2400000, 0x00000000c2500000|  0%| F|  |TAMS 0x00000000c2400000, 0x00000000c2400000| Untracked 
|   9|0x00000000c2500000, 0x00000000c2600000, 0x00000000c2600000|100%| O|  |TAMS 0x00000000c2600000, 0x00000000c2500000| Untracked 
|  10|0x00000000c2600000, 0x00000000c2700000, 0x00000000c2700000|100%| O|  |TAMS 0x00000000c2700000, 0x00000000c2600000| Untracked 
|  11|0x00000000c2700000, 0x00000000c2800000, 0x00000000c2800000|100%| O|  |TAMS 0x00000000c2800000, 0x00000000c2700000| Untracked 
|  12|0x00000000c2800000, 0x00000000c2900000, 0x00000000c2900000|100%| O|  |TAMS 0x00000000c2900000, 0x00000000c2800000| Untracked 
|  13|0x00000000c2900000, 0x00000000c2a00000, 0x00000000c2a00000|100%| O|  |TAMS 0x00000000c2a00000, 0x00000000c2900000| Untracked 
|  14|0x00000000c2a00000, 0x00000000c2b00000, 0x00000000c2b00000|100%| O|  |TAMS 0x00000000c2b00000, 0x00000000c2a00000| Untracked 
|  15|0x00000000c2b00000, 0x00000000c2c00000, 0x00000000c2c00000|100%| O|  |TAMS 0x00000000c2c00000, 0x00000000c2b00000| Untracked 
|  16|0x00000000c2c00000, 0x00000000c2c94000, 0x00000000c2d00000| 57%| O|  |TAMS 0x00000000c2c94000, 0x00000000c2c00000| Untracked 
|  17|0x00000000c2d00000, 0x00000000c2d00000, 0x00000000c2e00000|  0%| F|  |TAMS 0x00000000c2d00000, 0x00000000c2d00000| Untracked 
|  18|0x00000000c2e00000, 0x00000000c2e00000, 0x00000000c2f00000|  0%| F|  |TAMS 0x00000000c2e00000, 0x00000000c2e00000| Untracked 
|  19|0x00000000c2f00000, 0x00000000c2f00000, 0x00000000c3000000|  0%| F|  |TAMS 0x00000000c2f00000, 0x00000000c2f00000| Untracked 
|  20|0x00000000c3000000, 0x00000000c3000000, 0x00000000c3100000|  0%| F|  |TAMS 0x00000000c3000000, 0x00000000c3000000| Untracked 
|  21|0x00000000c3100000, 0x00000000c3200000, 0x00000000c3200000|100%| O|  |TAMS 0x00000000c3200000, 0x00000000c3100000| Untracked 
|  22|0x00000000c3200000, 0x00000000c3300000, 0x00000000c3300000|100%| O|  |TAMS 0x00000000c3300000, 0x00000000c3200000| Untracked 
|  23|0x00000000c3300000, 0x00000000c3300000, 0x00000000c3400000|  0%| F|  |TAMS 0x00000000c3300000, 0x00000000c3300000| Untracked 
|  24|0x00000000c3400000, 0x00000000c3400000, 0x00000000c3500000|  0%| F|  |TAMS 0x00000000c3400000, 0x00000000c3400000| Untracked 
|  25|0x00000000c3500000, 0x00000000c3500000, 0x00000000c3600000|  0%| F|  |TAMS 0x00000000c3500000, 0x00000000c3500000| Untracked 
|  26|0x00000000c3600000, 0x00000000c3600000, 0x00000000c3700000|  0%| F|  |TAMS 0x00000000c3600000, 0x00000000c3600000| Untracked 
|  27|0x00000000c3700000, 0x00000000c3700000, 0x00000000c3800000|  0%| F|  |TAMS 0x00000000c3700000, 0x00000000c3700000| Untracked 
|  28|0x00000000c3800000, 0x00000000c3900000, 0x00000000c3900000|100%| O|  |TAMS 0x00000000c3900000, 0x00000000c3800000| Untracked 
|  29|0x00000000c3900000, 0x00000000c3900000, 0x00000000c3a00000|  0%| F|  |TAMS 0x00000000c3900000, 0x00000000c3900000| Untracked 
|  30|0x00000000c3a00000, 0x00000000c3a00000, 0x00000000c3b00000|  0%| F|  |TAMS 0x00000000c3a00000, 0x00000000c3a00000| Untracked 
|  31|0x00000000c3b00000, 0x00000000c3c00000, 0x00000000c3c00000|100%| O|  |TAMS 0x00000000c3c00000, 0x00000000c3b00000| Untracked 
|  32|0x00000000c3c00000, 0x00000000c3d00000, 0x00000000c3d00000|100%| O|  |TAMS 0x00000000c3d00000, 0x00000000c3c00000| Untracked 
|  33|0x00000000c3d00000, 0x00000000c3d00000, 0x00000000c3e00000|  0%| F|  |TAMS 0x00000000c3d00000, 0x00000000c3d00000| Untracked 
|  34|0x00000000c3e00000, 0x00000000c3e00000, 0x00000000c3f00000|  0%| F|  |TAMS 0x00000000c3e00000, 0x00000000c3e00000| Untracked 
|  35|0x00000000c3f00000, 0x00000000c3f00000, 0x00000000c4000000|  0%| F|  |TAMS 0x00000000c3f00000, 0x00000000c3f00000| Untracked 
|  36|0x00000000c4000000, 0x00000000c4000000, 0x00000000c4100000|  0%| F|  |TAMS 0x00000000c4000000, 0x00000000c4000000| Untracked 
|  37|0x00000000c4100000, 0x00000000c4200000, 0x00000000c4200000|100%|HS|  |TAMS 0x00000000c4200000, 0x00000000c4100000| Complete 
|  38|0x00000000c4200000, 0x00000000c4300000, 0x00000000c4300000|100%|HC|  |TAMS 0x00000000c4300000, 0x00000000c4200000| Complete 
|  39|0x00000000c4300000, 0x00000000c4300000, 0x00000000c4400000|  0%| F|  |TAMS 0x00000000c4300000, 0x00000000c4300000| Untracked 
|  40|0x00000000c4400000, 0x00000000c4400000, 0x00000000c4500000|  0%| F|  |TAMS 0x00000000c4400000, 0x00000000c4400000| Untracked 
|  41|0x00000000c4500000, 0x00000000c4500000, 0x00000000c4600000|  0%| F|  |TAMS 0x00000000c4500000, 0x00000000c4500000| Untracked 
|  42|0x00000000c4600000, 0x00000000c4600000, 0x00000000c4700000|  0%| F|  |TAMS 0x00000000c4600000, 0x00000000c4600000| Untracked 
|  43|0x00000000c4700000, 0x00000000c47302a0, 0x00000000c4800000| 18%| S|CS|TAMS 0x00000000c4700000, 0x00000000c4700000| Complete 
|  44|0x00000000c4800000, 0x00000000c4900000, 0x00000000c4900000|100%| S|CS|TAMS 0x00000000c4800000, 0x00000000c4800000| Complete 
|  45|0x00000000c4900000, 0x00000000c4a00000, 0x00000000c4a00000|100%| S|CS|TAMS 0x00000000c4900000, 0x00000000c4900000| Complete 
|  46|0x00000000c4a00000, 0x00000000c4a00000, 0x00000000c4b00000|  0%| F|  |TAMS 0x00000000c4a00000, 0x00000000c4a00000| Untracked 
|  47|0x00000000c4b00000, 0x00000000c4b00000, 0x00000000c4c00000|  0%| F|  |TAMS 0x00000000c4b00000, 0x00000000c4b00000| Untracked 
|  48|0x00000000c4c00000, 0x00000000c4cc4a20, 0x00000000c4d00000| 76%| E|  |TAMS 0x00000000c4c00000, 0x00000000c4c00000| Complete 
|  49|0x00000000c4d00000, 0x00000000c4e00000, 0x00000000c4e00000|100%| S|CS|TAMS 0x00000000c4d00000, 0x00000000c4d00000| Complete 
|  50|0x00000000c4e00000, 0x00000000c4f00000, 0x00000000c4f00000|100%| S|CS|TAMS 0x00000000c4e00000, 0x00000000c4e00000| Complete 
|  51|0x00000000c4f00000, 0x00000000c5000000, 0x00000000c5000000|100%| E|CS|TAMS 0x00000000c4f00000, 0x00000000c4f00000| Complete 
|  52|0x00000000c5000000, 0x00000000c5100000, 0x00000000c5100000|100%| E|CS|TAMS 0x00000000c5000000, 0x00000000c5000000| Complete 
|  53|0x00000000c5100000, 0x00000000c5200000, 0x00000000c5200000|100%| E|CS|TAMS 0x00000000c5100000, 0x00000000c5100000| Complete 
|  54|0x00000000c5200000, 0x00000000c5300000, 0x00000000c5300000|100%| E|CS|TAMS 0x00000000c5200000, 0x00000000c5200000| Complete 
|  55|0x00000000c5300000, 0x00000000c5400000, 0x00000000c5400000|100%| E|CS|TAMS 0x00000000c5300000, 0x00000000c5300000| Complete 
|  56|0x00000000c5400000, 0x00000000c5500000, 0x00000000c5500000|100%| E|CS|TAMS 0x00000000c5400000, 0x00000000c5400000| Complete 
|  57|0x00000000c5500000, 0x00000000c5600000, 0x00000000c5600000|100%| E|CS|TAMS 0x00000000c5500000, 0x00000000c5500000| Complete 
|  58|0x00000000c5600000, 0x00000000c5700000, 0x00000000c5700000|100%| E|CS|TAMS 0x00000000c5600000, 0x00000000c5600000| Complete 
|  59|0x00000000c5700000, 0x00000000c5800000, 0x00000000c5800000|100%| E|CS|TAMS 0x00000000c5700000, 0x00000000c5700000| Complete 
|  60|0x00000000c5800000, 0x00000000c5900000, 0x00000000c5900000|100%| E|CS|TAMS 0x00000000c5800000, 0x00000000c5800000| Complete 
|  61|0x00000000c5900000, 0x00000000c5a00000, 0x00000000c5a00000|100%| E|CS|TAMS 0x00000000c5900000, 0x00000000c5900000| Complete 
|  62|0x00000000c5a00000, 0x00000000c5b00000, 0x00000000c5b00000|100%| E|CS|TAMS 0x00000000c5a00000, 0x00000000c5a00000| Complete 
|  63|0x00000000c5b00000, 0x00000000c5c00000, 0x00000000c5c00000|100%| E|CS|TAMS 0x00000000c5b00000, 0x00000000c5b00000| Complete 
|  64|0x00000000c5c00000, 0x00000000c5d00000, 0x00000000c5d00000|100%| E|CS|TAMS 0x00000000c5c00000, 0x00000000c5c00000| Complete 
|  65|0x00000000c5d00000, 0x00000000c5e00000, 0x00000000c5e00000|100%| E|CS|TAMS 0x00000000c5d00000, 0x00000000c5d00000| Complete 
|  66|0x00000000c5e00000, 0x00000000c5f00000, 0x00000000c5f00000|100%| E|CS|TAMS 0x00000000c5e00000, 0x00000000c5e00000| Complete 
|  67|0x00000000c5f00000, 0x00000000c6000000, 0x00000000c6000000|100%| E|CS|TAMS 0x00000000c5f00000, 0x00000000c5f00000| Complete 
|  68|0x00000000c6000000, 0x00000000c6100000, 0x00000000c6100000|100%| E|CS|TAMS 0x00000000c6000000, 0x00000000c6000000| Complete 
|  69|0x00000000c6100000, 0x00000000c6200000, 0x00000000c6200000|100%| E|CS|TAMS 0x00000000c6100000, 0x00000000c6100000| Complete 
|  70|0x00000000c6200000, 0x00000000c6300000, 0x00000000c6300000|100%| E|CS|TAMS 0x00000000c6200000, 0x00000000c6200000| Complete 
|  71|0x00000000c6300000, 0x00000000c6400000, 0x00000000c6400000|100%| E|CS|TAMS 0x00000000c6300000, 0x00000000c6300000| Complete 
|  72|0x00000000c6400000, 0x00000000c6500000, 0x00000000c6500000|100%| E|CS|TAMS 0x00000000c6400000, 0x00000000c6400000| Complete 
|  73|0x00000000c6500000, 0x00000000c6600000, 0x00000000c6600000|100%| E|CS|TAMS 0x00000000c6500000, 0x00000000c6500000| Complete 
|  74|0x00000000c6600000, 0x00000000c6700000, 0x00000000c6700000|100%| E|CS|TAMS 0x00000000c6600000, 0x00000000c6600000| Complete 
|  75|0x00000000c6700000, 0x00000000c6800000, 0x00000000c6800000|100%| E|CS|TAMS 0x00000000c6700000, 0x00000000c6700000| Complete 
|  76|0x00000000c6800000, 0x00000000c6900000, 0x00000000c6900000|100%| E|CS|TAMS 0x00000000c6800000, 0x00000000c6800000| Complete 
|  77|0x00000000c6900000, 0x00000000c6a00000, 0x00000000c6a00000|100%| E|CS|TAMS 0x00000000c6900000, 0x00000000c6900000| Complete 
|  78|0x00000000c6a00000, 0x00000000c6b00000, 0x00000000c6b00000|100%| E|CS|TAMS 0x00000000c6a00000, 0x00000000c6a00000| Complete 
|  79|0x00000000c6b00000, 0x00000000c6c00000, 0x00000000c6c00000|100%| E|CS|TAMS 0x00000000c6b00000, 0x00000000c6b00000| Complete 
|  80|0x00000000c6c00000, 0x00000000c6d00000, 0x00000000c6d00000|100%| E|CS|TAMS 0x00000000c6c00000, 0x00000000c6c00000| Complete 
|  81|0x00000000c6d00000, 0x00000000c6e00000, 0x00000000c6e00000|100%| E|CS|TAMS 0x00000000c6d00000, 0x00000000c6d00000| Complete 
|  82|0x00000000c6e00000, 0x00000000c6f00000, 0x00000000c6f00000|100%| E|CS|TAMS 0x00000000c6e00000, 0x00000000c6e00000| Complete 
|  83|0x00000000c6f00000, 0x00000000c7000000, 0x00000000c7000000|100%| E|CS|TAMS 0x00000000c6f00000, 0x00000000c6f00000| Complete 
|  84|0x00000000c7000000, 0x00000000c7100000, 0x00000000c7100000|100%| E|CS|TAMS 0x00000000c7000000, 0x00000000c7000000| Complete 
|  85|0x00000000c7100000, 0x00000000c7200000, 0x00000000c7200000|100%| E|CS|TAMS 0x00000000c7100000, 0x00000000c7100000| Complete 
|  86|0x00000000c7200000, 0x00000000c7300000, 0x00000000c7300000|100%| E|CS|TAMS 0x00000000c7200000, 0x00000000c7200000| Complete 
|  87|0x00000000c7300000, 0x00000000c7400000, 0x00000000c7400000|100%| E|CS|TAMS 0x00000000c7300000, 0x00000000c7300000| Complete 
|  88|0x00000000c7400000, 0x00000000c7500000, 0x00000000c7500000|100%| E|CS|TAMS 0x00000000c7400000, 0x00000000c7400000| Complete 
|  89|0x00000000c7500000, 0x00000000c7600000, 0x00000000c7600000|100%| E|CS|TAMS 0x00000000c7500000, 0x00000000c7500000| Complete 
|  90|0x00000000c7600000, 0x00000000c7700000, 0x00000000c7700000|100%| E|CS|TAMS 0x00000000c7600000, 0x00000000c7600000| Complete 
|  91|0x00000000c7700000, 0x00000000c7800000, 0x00000000c7800000|100%| E|CS|TAMS 0x00000000c7700000, 0x00000000c7700000| Complete 
|  92|0x00000000c7800000, 0x00000000c7900000, 0x00000000c7900000|100%| E|CS|TAMS 0x00000000c7800000, 0x00000000c7800000| Complete 
|  93|0x00000000c7900000, 0x00000000c7a00000, 0x00000000c7a00000|100%| E|CS|TAMS 0x00000000c7900000, 0x00000000c7900000| Complete 
|  94|0x00000000c7a00000, 0x00000000c7b00000, 0x00000000c7b00000|100%| E|CS|TAMS 0x00000000c7a00000, 0x00000000c7a00000| Complete 
|  95|0x00000000c7b00000, 0x00000000c7c00000, 0x00000000c7c00000|100%| E|CS|TAMS 0x00000000c7b00000, 0x00000000c7b00000| Complete 
| 118|0x00000000c9200000, 0x00000000c9300000, 0x00000000c9300000|100%| E|CS|TAMS 0x00000000c9200000, 0x00000000c9200000| Complete 

Card table byte_map: [0x000001c1ba3f0000,0x000001c1ba5f0000] _byte_map_base: 0x000001c1b9de2000

Marking Bits (Prev, Next): (CMBitMap*) 0x000001c1a2a805f8, (CMBitMap*) 0x000001c1a2a80638
 Prev Bits: [0x000001c1ba7f0000, 0x000001c1bb780000)
 Next Bits: [0x000001c1bb780000, 0x000001c1bc710000)

Polling page: 0x000001c1a0bc0000

Metaspace:

Usage:
  Non-class:     34.11 MB capacity,    33.15 MB ( 97%) used,   792.98 KB (  2%) free+waste,   191.94 KB ( <1%) overhead. 
      Class:      5.16 MB capacity,     4.53 MB ( 88%) used,   547.04 KB ( 10%) free+waste,    92.13 KB (  2%) overhead. 
       Both:     39.27 MB capacity,    37.68 MB ( 96%) used,     1.31 MB (  3%) free+waste,   284.06 KB ( <1%) overhead. 

Virtual space:
  Non-class space:       36.00 MB reserved,      34.25 MB ( 95%) committed 
      Class space:        1.00 GB reserved,       5.25 MB ( <1%) committed 
             Both:        1.04 GB reserved,      39.50 MB (  4%) committed 

Chunk freelists:
   Non-Class:  16.00 KB
       Class:  0 bytes
        Both:  16.00 KB

MaxMetaspaceSize: 17179869184.00 GB
CompressedClassSpaceSize: 1.00 GB

CodeHeap 'non-profiled nmethods': size=120000Kb used=9647Kb max_used=9647Kb free=110352Kb
 bounds [0x000001c1b2cc0000, 0x000001c1b3630000, 0x000001c1ba1f0000]
CodeHeap 'profiled nmethods': size=120000Kb used=19636Kb max_used=19636Kb free=100363Kb
 bounds [0x000001c1ab790000, 0x000001c1acad0000, 0x000001c1b2cc0000]
CodeHeap 'non-nmethods': size=5760Kb used=1606Kb max_used=1674Kb free=4153Kb
 bounds [0x000001c1ab1f0000, 0x000001c1ab460000, 0x000001c1ab790000]
 total_blobs=10639 nmethods=9658 adapters=889
 compilation: enabled
              stopped_count=0, restarted_count=0
 full_count=0

Compilation events (20 events):
Event: 566.724 Thread 0x000001c1bebb6000 12019       3       javafx.scene.control.Labeled::isMnemonicParsing (19 bytes)
Event: 566.725 Thread 0x000001c1bebb6000 nmethod 12019 0x000001c1acabea10 code [0x000001c1acabebc0, 0x000001c1acabef68]
Event: 566.726 Thread 0x000001c1bebb6000 12020       1       javafx.stage.PopupWindow$AnchorLocation::isContentLocation (5 bytes)
Event: 566.726 Thread 0x000001c1bebb6000 nmethod 12020 0x000001c1b362ae10 code [0x000001c1b362afa0, 0x000001c1b362b078]
Event: 566.729 Thread 0x000001c1bebb6000 12021       1       javafx.stage.Screen::getVisualBounds (5 bytes)
Event: 566.730 Thread 0x000001c1bebb6000 nmethod 12021 0x000001c1b362b110 code [0x000001c1b362b2a0, 0x000001c1b362b378]
Event: 566.730 Thread 0x000001c1bebb5000 12022       4       java.lang.String::endsWith (15 bytes)
Event: 566.732 Thread 0x000001c1bebb6000 12023       3       com.sun.javafx.sg.prism.NGText::<init> (27 bytes)
Event: 566.732 Thread 0x000001c1bebb6000 nmethod 12023 0x000001c1acabf090 code [0x000001c1acabf240, 0x000001c1acabf5e8]
Event: 566.732 Thread 0x000001c1bebb6000 12024       3       com.sun.javafx.sg.prism.NGText::setFontSmoothingType (10 bytes)
Event: 566.732 Thread 0x000001c1bebb6000 nmethod 12024 0x000001c1acabf710 code [0x000001c1acabf8c0, 0x000001c1acabfaa8]
Event: 566.739 Thread 0x000001c1bebb5000 nmethod 12022 0x000001c1b362b410 code [0x000001c1b362b600, 0x000001c1b362b8d8]
Event: 566.767 Thread 0x000001c1bebb6000 12025       3       javafx.scene.Scene::getKeyHandler (24 bytes)
Event: 566.768 Thread 0x000001c1bebb6000 nmethod 12025 0x000001c1acabfb90 code [0x000001c1acabfd80, 0x000001c1acac04b8]
Event: 566.827 Thread 0x000001c1bebb5000 12026       4       java.lang.invoke.LambdaForm$MH/0x0000000800bba840::invoke (25 bytes)
Event: 566.828 Thread 0x000001c1bebb5000 nmethod 12026 0x000001c1b362ba90 code [0x000001c1b362bc60, 0x000001c1b362bdb8]
Event: 566.859 Thread 0x000001c1bebb6000 12027       3       com.sun.javafx.scene.input.KeyCodeMap::valueOf (16 bytes)
Event: 566.860 Thread 0x000001c1bebb6000 nmethod 12027 0x000001c1acac0710 code [0x000001c1acac0920, 0x000001c1acac10b8]
Event: 566.862 Thread 0x000001c1bebb6000 12028       3       java.util.concurrent.CompletableFuture::completeExceptionally (31 bytes)
Event: 566.863 Thread 0x000001c1bebb6000 nmethod 12028 0x000001c1acac1390 code [0x000001c1acac1600, 0x000001c1acac2058]

GC Heap History (20 events):
Event: 307.299 GC heap before
{Heap before GC invocations=369 (full 0):
 garbage-first heap   total 121856K, used 55912K [0x00000000c1c00000, 0x0000000100000000)
  region size 1024K, 14 young (14336K), 2 survivors (2048K)
 Metaspace       used 37191K, capacity 38724K, committed 38784K, reserved 1083392K
  class space    used 4579K, capacity 5202K, committed 5248K, reserved 1048576K
}
Event: 307.301 GC heap after
{Heap after GC invocations=370 (full 0):
 garbage-first heap   total 121856K, used 46739K [0x00000000c1c00000, 0x0000000100000000)
  region size 1024K, 3 young (3072K), 3 survivors (3072K)
 Metaspace       used 37191K, capacity 38724K, committed 38784K, reserved 1083392K
  class space    used 4579K, capacity 5202K, committed 5248K, reserved 1048576K
}
Event: 311.784 GC heap before
{Heap before GC invocations=371 (full 0):
 garbage-first heap   total 121856K, used 65171K [0x00000000c1c00000, 0x0000000100000000)
  region size 1024K, 18 young (18432K), 3 survivors (3072K)
 Metaspace       used 37209K, capacity 38724K, committed 38784K, reserved 1083392K
  class space    used 4579K, capacity 5202K, committed 5248K, reserved 1048576K
}
Event: 311.786 GC heap after
{Heap after GC invocations=372 (full 0):
 garbage-first heap   total 121856K, used 49942K [0x00000000c1c00000, 0x0000000100000000)
  region size 1024K, 3 young (3072K), 3 survivors (3072K)
 Metaspace       used 37209K, capacity 38724K, committed 38784K, reserved 1083392K
  class space    used 4579K, capacity 5202K, committed 5248K, reserved 1048576K
}
Event: 320.566 GC heap before
{Heap before GC invocations=373 (full 0):
 garbage-first heap   total 121856K, used 81686K [0x00000000c1c00000, 0x0000000100000000)
  region size 1024K, 22 young (22528K), 3 survivors (3072K)
 Metaspace       used 37308K, capacity 38833K, committed 39040K, reserved 1083392K
  class space    used 4598K, capacity 5238K, committed 5248K, reserved 1048576K
}
Event: 320.568 GC heap after
{Heap after GC invocations=374 (full 0):
 garbage-first heap   total 121856K, used 42786K [0x00000000c1c00000, 0x0000000100000000)
  region size 1024K, 3 young (3072K), 3 survivors (3072K)
 Metaspace       used 37308K, capacity 38833K, committed 39040K, reserved 1083392K
  class space    used 4598K, capacity 5238K, committed 5248K, reserved 1048576K
}
Event: 325.721 GC heap before
{Heap before GC invocations=375 (full 0):
 garbage-first heap   total 121856K, used 100130K [0x00000000c1c00000, 0x0000000100000000)
  region size 1024K, 54 young (55296K), 3 survivors (3072K)
 Metaspace       used 37414K, capacity 38971K, committed 39040K, reserved 1083392K
  class space    used 4600K, capacity 5238K, committed 5248K, reserved 1048576K
}
Event: 325.724 GC heap after
{Heap after GC invocations=376 (full 0):
 garbage-first heap   total 121856K, used 41166K [0x00000000c1c00000, 0x0000000100000000)
  region size 1024K, 4 young (4096K), 4 survivors (4096K)
 Metaspace       used 37414K, capacity 38971K, committed 39040K, reserved 1083392K
  class space    used 4600K, capacity 5238K, committed 5248K, reserved 1048576K
}
Event: 361.223 GC heap before
{Heap before GC invocations=376 (full 0):
 garbage-first heap   total 121856K, used 95438K [0x00000000c1c00000, 0x0000000100000000)
  region size 1024K, 58 young (59392K), 4 survivors (4096K)
 Metaspace       used 37857K, capacity 39415K, committed 39680K, reserved 1083392K
  class space    used 4618K, capacity 5254K, committed 5376K, reserved 1048576K
}
Event: 361.227 GC heap after
{Heap after GC invocations=377 (full 0):
 garbage-first heap   total 121856K, used 42464K [0x00000000c1c00000, 0x0000000100000000)
  region size 1024K, 5 young (5120K), 5 survivors (5120K)
 Metaspace       used 37857K, capacity 39415K, committed 39680K, reserved 1083392K
  class space    used 4618K, capacity 5254K, committed 5376K, reserved 1048576K
}
Event: 374.897 GC heap before
{Heap before GC invocations=378 (full 0):
 garbage-first heap   total 116736K, used 86496K [0x00000000c1c00000, 0x0000000100000000)
  region size 1024K, 59 young (60416K), 5 survivors (5120K)
 Metaspace       used 37967K, capacity 39553K, committed 39680K, reserved 1083392K
  class space    used 4618K, capacity 5254K, committed 5376K, reserved 1048576K
}
Event: 374.901 GC heap after
{Heap after GC invocations=379 (full 0):
 garbage-first heap   total 116736K, used 30353K [0x00000000c1c00000, 0x0000000100000000)
  region size 1024K, 3 young (3072K), 3 survivors (3072K)
 Metaspace       used 37967K, capacity 39553K, committed 39680K, reserved 1083392K
  class space    used 4618K, capacity 5254K, committed 5376K, reserved 1048576K
}
Event: 375.021 GC heap before
{Heap before GC invocations=379 (full 0):
 garbage-first heap   total 116736K, used 31377K [0x00000000c1c00000, 0x0000000100000000)
  region size 1024K, 5 young (5120K), 3 survivors (3072K)
 Metaspace       used 37985K, capacity 39559K, committed 39936K, reserved 1083392K
  class space    used 4618K, capacity 5254K, committed 5376K, reserved 1048576K
}
Event: 375.033 GC heap after
{Heap after GC invocations=380 (full 0):
 garbage-first heap   total 116736K, used 23417K [0x00000000c1c00000, 0x0000000100000000)
  region size 1024K, 1 young (1024K), 1 survivors (1024K)
 Metaspace       used 37985K, capacity 39559K, committed 39936K, reserved 1083392K
  class space    used 4618K, capacity 5254K, committed 5376K, reserved 1048576K
}
Event: 416.148 GC heap before
{Heap before GC invocations=380 (full 0):
 garbage-first heap   total 116736K, used 91001K [0x00000000c1c00000, 0x0000000100000000)
  region size 1024K, 68 young (69632K), 1 survivors (1024K)
 Metaspace       used 38212K, capacity 39751K, committed 39936K, reserved 1083392K
  class space    used 4625K, capacity 5263K, committed 5376K, reserved 1048576K
}
Event: 416.151 GC heap after
{Heap after GC invocations=381 (full 0):
 garbage-first heap   total 116736K, used 25432K [0x00000000c1c00000, 0x0000000100000000)
  region size 1024K, 3 young (3072K), 3 survivors (3072K)
 Metaspace       used 38212K, capacity 39751K, committed 39936K, reserved 1083392K
  class space    used 4625K, capacity 5263K, committed 5376K, reserved 1048576K
}
Event: 438.473 GC heap before
{Heap before GC invocations=381 (full 0):
 garbage-first heap   total 116736K, used 90968K [0x00000000c1c00000, 0x0000000100000000)
  region size 1024K, 68 young (69632K), 3 survivors (3072K)
 Metaspace       used 38363K, capacity 39925K, committed 40192K, reserved 1083392K
  class space    used 4637K, capacity 5278K, committed 5376K, reserved 1048576K
}
Event: 438.476 GC heap after
{Heap after GC invocations=382 (full 0):
 garbage-first heap   total 116736K, used 27654K [0x00000000c1c00000, 0x0000000100000000)
  region size 1024K, 5 young (5120K), 5 survivors (5120K)
 Metaspace       used 38363K, capacity 39925K, committed 40192K, reserved 1083392K
  class space    used 4637K, capacity 5278K, committed 5376K, reserved 1048576K
}
Event: 462.407 GC heap before
{Heap before GC invocations=382 (full 0):
 garbage-first heap   total 116736K, used 91142K [0x00000000c1c00000, 0x0000000100000000)
  region size 1024K, 68 young (69632K), 5 survivors (5120K)
 Metaspace       used 38479K, capacity 40066K, committed 40192K, reserved 1083392K
  class space    used 4639K, capacity 5278K, committed 5376K, reserved 1048576K
}
Event: 462.410 GC heap after
{Heap after GC invocations=383 (full 0):
 garbage-first heap   total 116736K, used 27408K [0x00000000c1c00000, 0x0000000100000000)
  region size 1024K, 5 young (5120K), 5 survivors (5120K)
 Metaspace       used 38479K, capacity 40066K, committed 40192K, reserved 1083392K
  class space    used 4639K, capacity 5278K, committed 5376K, reserved 1048576K
}

Deoptimization events (20 events):
Event: 561.706 Thread 0x000001c1c0065800 Uncommon trap: trap_request=0xffffffbe fr.pc=0x000001c1b361ad40 relative=0x0000000000003b40
Event: 561.706 Thread 0x000001c1c0065800 Uncommon trap: reason=profile_predicate action=maybe_recompile pc=0x000001c1b361ad40 method=javafx.scene.CssStyleHelper$CacheContainer.<init>(Ljavafx/scene/Node;Lcom/sun/javafx/css/StyleMap;I)V @ 164 c2
Event: 561.706 Thread 0x000001c1c0065800 DEOPT PACKING pc=0x000001c1b361ad40 sp=0x0000002e1a4fda40
Event: 561.706 Thread 0x000001c1c0065800 DEOPT UNPACKING pc=0x000001c1ab23912f sp=0x0000002e1a4fd960 mode 2
Event: 561.706 Thread 0x000001c1c0065800 Uncommon trap: trap_request=0xffffffbe fr.pc=0x000001c1b361ad40 relative=0x0000000000003b40
Event: 561.706 Thread 0x000001c1c0065800 Uncommon trap: reason=profile_predicate action=maybe_recompile pc=0x000001c1b361ad40 method=javafx.scene.CssStyleHelper$CacheContainer.<init>(Ljavafx/scene/Node;Lcom/sun/javafx/css/StyleMap;I)V @ 164 c2
Event: 561.706 Thread 0x000001c1c0065800 DEOPT PACKING pc=0x000001c1b361ad40 sp=0x0000002e1a4fe140
Event: 561.706 Thread 0x000001c1c0065800 DEOPT UNPACKING pc=0x000001c1ab23912f sp=0x0000002e1a4fe060 mode 2
Event: 566.732 Thread 0x000001c1c0065800 Uncommon trap: trap_request=0xffffffde fr.pc=0x000001c1b34f1d38 relative=0x0000000000002678
Event: 566.732 Thread 0x000001c1c0065800 Uncommon trap: reason=class_check action=maybe_recompile pc=0x000001c1b34f1d38 method=com.sun.javafx.tk.quantum.ViewScene.isSynchronous()Z @ 11 c2
Event: 566.732 Thread 0x000001c1c0065800 DEOPT PACKING pc=0x000001c1b34f1d38 sp=0x0000002e1a4fe790
Event: 566.732 Thread 0x000001c1c0065800 DEOPT UNPACKING pc=0x000001c1ab23912f sp=0x0000002e1a4fe6f8 mode 2
Event: 566.733 Thread 0x000001c1bfdbf800 Uncommon trap: trap_request=0xffffffde fr.pc=0x000001c1b34ca1e4 relative=0x0000000000001f24
Event: 566.733 Thread 0x000001c1bfdbf800 Uncommon trap: reason=class_check action=maybe_recompile pc=0x000001c1b34ca1e4 method=com.sun.javafx.tk.quantum.ViewPainter.paintImpl(Lcom/sun/prism/Graphics;)V @ 30 c2
Event: 566.733 Thread 0x000001c1bfdbf800 DEOPT PACKING pc=0x000001c1b34ca1e4 sp=0x0000002e1a0fed90
Event: 566.733 Thread 0x000001c1bfdbf800 DEOPT UNPACKING pc=0x000001c1ab23912f sp=0x0000002e1a0fed70 mode 2
Event: 566.733 Thread 0x000001c1bfdbf800 Uncommon trap: trap_request=0xffffff45 fr.pc=0x000001c1b3171068 relative=0x00000000000008a8
Event: 566.733 Thread 0x000001c1bfdbf800 Uncommon trap: reason=unstable_if action=reinterpret pc=0x000001c1b3171068 method=com.sun.scenario.effect.impl.state.BoxRenderState.<init>(FFIFZLcom/sun/scenario/effect/Color4f;Lcom/sun/javafx/geom/transform/BaseTransform;)V @ 151 c2
Event: 566.733 Thread 0x000001c1bfdbf800 DEOPT PACKING pc=0x000001c1b3171068 sp=0x0000002e1a0fe640
Event: 566.733 Thread 0x000001c1bfdbf800 DEOPT UNPACKING pc=0x000001c1ab23912f sp=0x0000002e1a0fe428 mode 2

Classes unloaded (1 events):
Event: 83.110 Thread 0x000001c1beb90000 Unloading class 0x0000000800db0040 'jdk/internal/net/http/common/Demand$$Lambda$339'

Classes redefined (0 events):
No events

Internal exceptions (20 events):
Event: 447.564 Thread 0x000001c1c0065800 Exception <a 'java/lang/NullPointerException'{0x00000000c7c5bce0}> (0x00000000c7c5bce0) 
thrown [./open/src/hotspot/share/interpreter/linkResolver.cpp, line 1431]
Event: 447.795 Thread 0x000001c1c0065800 Exception <a 'java/lang/NullPointerException'{0x00000000c7b00f58}> (0x00000000c7b00f58) 
thrown [./open/src/hotspot/share/interpreter/linkResolver.cpp, line 1431]
Event: 449.473 Thread 0x000001c1c0065800 Exception <a 'java/lang/NullPointerException'{0x00000000c76696e8}> (0x00000000c76696e8) 
thrown [./open/src/hotspot/share/interpreter/linkResolver.cpp, line 1431]
Event: 450.190 Thread 0x000001c1c0065800 Exception <a 'java/lang/ClassNotFoundException'{0x00000000c73d72c0}: sun/net/www/protocol/about/Handler> (0x00000000c73d72c0) 
thrown [./open/src/hotspot/share/classfile/systemDictionary.cpp, line 226]
Event: 450.193 Thread 0x000001c1c0065800 Exception <a 'java/lang/ClassNotFoundException'{0x00000000c73d9508}: sun/net/www/protocol/about/Handler> (0x00000000c73d9508) 
thrown [./open/src/hotspot/share/classfile/systemDictionary.cpp, line 226]
Event: 450.195 Thread 0x000001c1c0065800 Exception <a 'java/lang/ClassNotFoundException'{0x00000000c73db750}: sun/net/www/protocol/about/Handler> (0x00000000c73db750) 
thrown [./open/src/hotspot/share/classfile/systemDictionary.cpp, line 226]
Event: 450.198 Thread 0x000001c1c0065800 Exception <a 'java/lang/ClassNotFoundException'{0x00000000c73df980}: sun/net/www/protocol/about/Handler> (0x00000000c73df980) 
thrown [./open/src/hotspot/share/classfile/systemDictionary.cpp, line 226]
Event: 450.200 Thread 0x000001c1c0065800 Exception <a 'java/lang/ClassNotFoundException'{0x00000000c73e1bc8}: sun/net/www/protocol/about/Handler> (0x00000000c73e1bc8) 
thrown [./open/src/hotspot/share/classfile/systemDictionary.cpp, line 226]
Event: 451.663 Thread 0x000001c1c0065800 Exception <a 'java/lang/NullPointerException'{0x00000000c5a5a7b0}> (0x00000000c5a5a7b0) 
thrown [./open/src/hotspot/share/interpreter/linkResolver.cpp, line 1431]
Event: 456.792 Thread 0x000001c1c0065800 Exception <a 'java/lang/NullPointerException'{0x00000000c532f788}> (0x00000000c532f788) 
thrown [./open/src/hotspot/share/interpreter/linkResolver.cpp, line 1431]
Event: 456.845 Thread 0x000001c1c0065800 Exception <a 'java/io/FileNotFoundException'{0x00000000c5343e98}> (0x00000000c5343e98) 
thrown [./open/src/hotspot/share/prims/jni.cpp, line 599]
Event: 465.461 Thread 0x000001c1c0065800 Exception <a 'java/lang/NullPointerException'{0x00000000c92d2d60}> (0x00000000c92d2d60) 
thrown [./open/src/hotspot/share/interpreter/linkResolver.cpp, line 1431]
Event: 465.509 Thread 0x000001c1c0065800 Exception <a 'java/io/FileNotFoundException'{0x00000000c92e7480}> (0x00000000c92e7480) 
thrown [./open/src/hotspot/share/prims/jni.cpp, line 599]
Event: 514.656 Thread 0x000001c1c0065800 Exception <a 'java/lang/NullPointerException'{0x00000000c6964960}> (0x00000000c6964960) 
thrown [./open/src/hotspot/share/interpreter/linkResolver.cpp, line 1431]
Event: 514.721 Thread 0x000001c1c0065800 Exception <a 'java/io/FileNotFoundException'{0x00000000c6979080}> (0x00000000c6979080) 
thrown [./open/src/hotspot/share/prims/jni.cpp, line 599]
Event: 542.884 Thread 0x000001c1c0065800 Exception <a 'java/lang/NullPointerException'{0x00000000c5ef8fc0}> (0x00000000c5ef8fc0) 
thrown [./open/src/hotspot/share/interpreter/linkResolver.cpp, line 1431]
Event: 549.337 Thread 0x000001c1c0065800 Exception <a 'java/lang/NullPointerException'{0x00000000c5957510}> (0x00000000c5957510) 
thrown [./open/src/hotspot/share/interpreter/linkResolver.cpp, line 1431]
Event: 549.396 Thread 0x000001c1c0065800 Exception <a 'java/io/FileNotFoundException'{0x00000000c597cf88}> (0x00000000c597cf88) 
thrown [./open/src/hotspot/share/prims/jni.cpp, line 599]
Event: 559.295 Thread 0x000001c1c0065800 Exception <a 'java/lang/NullPointerException'{0x00000000c515c728}> (0x00000000c515c728) 
thrown [./open/src/hotspot/share/interpreter/linkResolver.cpp, line 1431]
Event: 564.107 Thread 0x000001c1c0065800 Exception <a 'java/lang/NullPointerException'{0x00000000c4f76018}> (0x00000000c4f76018) 
thrown [./open/src/hotspot/share/interpreter/linkResolver.cpp, line 1431]

Events (20 events):
Event: 566.382 Executing VM operation: HandshakeOneThread
Event: 566.382 Executing VM operation: HandshakeOneThread done
Event: 566.735 Executing VM operation: HandshakeOneThread
Event: 566.735 Executing VM operation: HandshakeOneThread done
Event: 566.738 Executing VM operation: HandshakeOneThread
Event: 566.738 Executing VM operation: HandshakeOneThread done
Event: 566.739 Executing VM operation: HandshakeOneThread
Event: 566.739 Executing VM operation: HandshakeOneThread done
Event: 566.769 Executing VM operation: HandshakeOneThread
Event: 566.769 Executing VM operation: HandshakeOneThread done
Event: 566.797 Executing VM operation: HandshakeOneThread
Event: 566.797 Executing VM operation: HandshakeOneThread done
Event: 566.830 Executing VM operation: HandshakeOneThread
Event: 566.830 Executing VM operation: HandshakeOneThread done
Event: 566.862 Executing VM operation: HandshakeOneThread
Event: 566.862 Executing VM operation: HandshakeOneThread done
Event: 566.896 Executing VM operation: HandshakeOneThread
Event: 566.896 Executing VM operation: HandshakeOneThread done
Event: 566.928 Executing VM operation: BulkRevokeBias
Event: 566.929 Executing VM operation: BulkRevokeBias done


Dynamic libraries:
0x00007ff656710000 - 0x00007ff65671f000 	C:\Program Files\Java\jdk-14.0.2\bin\java.exe
0x00007ff80b290000 - 0x00007ff80b471000 	C:\WINDOWS\SYSTEM32\ntdll.dll
0x00007ff8086f0000 - 0x00007ff8087a1000 	C:\WINDOWS\System32\KERNEL32.DLL
0x00007ff807c30000 - 0x00007ff807ea3000 	C:\WINDOWS\System32\KERNELBASE.dll
0x00007ff807b30000 - 0x00007ff807c28000 	C:\WINDOWS\System32\ucrtbase.dll
0x00007ffff78a0000 - 0x00007ffff78b5000 	C:\Program Files\Java\jdk-14.0.2\bin\VCRUNTIME140.dll
0x00007ffff53a0000 - 0x00007ffff53b8000 	C:\Program Files\Java\jdk-14.0.2\bin\jli.dll
0x00007ff808810000 - 0x00007ff8088b1000 	C:\WINDOWS\System32\ADVAPI32.dll
0x00007ff8095a0000 - 0x00007ff80963e000 	C:\WINDOWS\System32\msvcrt.dll
0x00007ff8087b0000 - 0x00007ff80880b000 	C:\WINDOWS\System32\sechost.dll
0x00007ff809640000 - 0x00007ff809764000 	C:\WINDOWS\System32\RPCRT4.dll
0x00007ff808970000 - 0x00007ff808b00000 	C:\WINDOWS\System32\USER32.dll
0x00007ff807970000 - 0x00007ff807990000 	C:\WINDOWS\System32\win32u.dll
0x00007ffffac90000 - 0x00007ffffaef9000 	C:\WINDOWS\WinSxS\amd64_microsoft.windows.common-controls_6595b64144ccf1df_6.0.17134.799_none_fb46a2653061bee5\COMCTL32.dll
0x00007ff809340000 - 0x00007ff809368000 	C:\WINDOWS\System32\GDI32.dll
0x00007ff80af00000 - 0x00007ff80b222000 	C:\WINDOWS\System32\combase.dll
0x00007ff807990000 - 0x00007ff807b22000 	C:\WINDOWS\System32\gdi32full.dll
0x00007ff8078d0000 - 0x00007ff80796f000 	C:\WINDOWS\System32\msvcp_win.dll
0x00007ff807eb0000 - 0x00007ff807f2a000 	C:\WINDOWS\System32\bcryptPrimitives.dll
0x00007ff800130000 - 0x00007ff80013a000 	C:\WINDOWS\SYSTEM32\VERSION.dll
0x00007ff808bb0000 - 0x00007ff808bdd000 	C:\WINDOWS\System32\IMM32.DLL
0x00007fffe9160000 - 0x00007fffe91fb000 	C:\Program Files\Java\jdk-14.0.2\bin\msvcp140.dll
0x00007fffdb510000 - 0x00007fffdc02e000 	C:\Program Files\Java\jdk-14.0.2\bin\server\jvm.dll
0x00007ff808ba0000 - 0x00007ff808ba8000 	C:\WINDOWS\System32\PSAPI.DLL
0x00007ff8042c0000 - 0x00007ff8042e3000 	C:\WINDOWS\SYSTEM32\WINMM.dll
0x00007ff8042f0000 - 0x00007ff8042f9000 	C:\WINDOWS\SYSTEM32\WSOCK32.dll
0x00007ff809510000 - 0x00007ff80957c000 	C:\WINDOWS\System32\WS2_32.dll
0x00007ff804290000 - 0x00007ff8042ba000 	C:\WINDOWS\SYSTEM32\WINMMBASE.dll
0x00007ff8086a0000 - 0x00007ff8086e9000 	C:\WINDOWS\System32\cfgmgr32.dll
0x00007ff8075f0000 - 0x00007ff807601000 	C:\WINDOWS\System32\kernel.appcore.dll
0x00007ffff6790000 - 0x00007ffff679a000 	C:\Program Files\Java\jdk-14.0.2\bin\jimage.dll
0x00007ffff7920000 - 0x00007ffff7ae9000 	C:\WINDOWS\SYSTEM32\DBGHELP.DLL
0x00007ffff6ca0000 - 0x00007ffff6cc9000 	C:\WINDOWS\SYSTEM32\dbgcore.DLL
0x00007ffff6810000 - 0x00007ffff6835000 	C:\Program Files\Java\jdk-14.0.2\bin\java.dll
0x00007ffff6770000 - 0x00007ffff6786000 	C:\Program Files\Java\jdk-14.0.2\bin\zip.dll
0x00007ff809950000 - 0x00007ff80ad90000 	C:\WINDOWS\System32\SHELL32.dll
0x00007ff8088c0000 - 0x00007ff808969000 	C:\WINDOWS\System32\shcore.dll
0x00007ff807f90000 - 0x00007ff80869d000 	C:\WINDOWS\System32\windows.storage.dll
0x00007ff809090000 - 0x00007ff8090e1000 	C:\WINDOWS\System32\shlwapi.dll
0x00007ff807610000 - 0x00007ff80762f000 	C:\WINDOWS\System32\profapi.dll
0x00007ff807590000 - 0x00007ff8075dc000 	C:\WINDOWS\System32\powrprof.dll
0x00007ff8075e0000 - 0x00007ff8075ea000 	C:\WINDOWS\System32\FLTLIB.DLL
0x00007ffff54a0000 - 0x00007ffff54b9000 	C:\Program Files\Java\jdk-14.0.2\bin\net.dll
0x00007ff800c20000 - 0x00007ff800cfd000 	C:\WINDOWS\SYSTEM32\WINHTTP.dll
0x00007ff806df0000 - 0x00007ff806e56000 	C:\WINDOWS\system32\mswsock.dll
0x00007ffff5400000 - 0x00007ffff5412000 	C:\Program Files\Java\jdk-14.0.2\bin\nio.dll
0x000001c1a2990000 - 0x000001c1a2993000 	C:\Program Files\Java\javafx-sdk-15.0.1\bin\api-ms-win-core-console-l1-1-0.dll
0x000001c1a29a0000 - 0x000001c1a29a3000 	C:\Program Files\Java\javafx-sdk-15.0.1\bin\api-ms-win-core-console-l1-2-0.dll
0x000001c1a29b0000 - 0x000001c1a29b3000 	C:\Program Files\Java\javafx-sdk-15.0.1\bin\api-ms-win-core-datetime-l1-1-0.dll
0x000001c1a29c0000 - 0x000001c1a29c3000 	C:\Program Files\Java\javafx-sdk-15.0.1\bin\api-ms-win-core-debug-l1-1-0.dll
0x000001c1a29d0000 - 0x000001c1a29d3000 	C:\Program Files\Java\javafx-sdk-15.0.1\bin\api-ms-win-core-errorhandling-l1-1-0.dll
0x000001c1a29e0000 - 0x000001c1a29e4000 	C:\Program Files\Java\javafx-sdk-15.0.1\bin\api-ms-win-core-file-l1-1-0.dll
0x000001c1a29f0000 - 0x000001c1a29f3000 	C:\Program Files\Java\javafx-sdk-15.0.1\bin\api-ms-win-core-file-l1-2-0.dll
0x000001c1a2a00000 - 0x000001c1a2a03000 	C:\Program Files\Java\javafx-sdk-15.0.1\bin\api-ms-win-core-file-l2-1-0.dll
0x000001c1a2a10000 - 0x000001c1a2a13000 	C:\Program Files\Java\javafx-sdk-15.0.1\bin\api-ms-win-core-handle-l1-1-0.dll
0x000001c1c1100000 - 0x000001c1c1103000 	C:\Program Files\Java\javafx-sdk-15.0.1\bin\api-ms-win-core-heap-l1-1-0.dll
0x000001c1c1110000 - 0x000001c1c1113000 	C:\Program Files\Java\javafx-sdk-15.0.1\bin\api-ms-win-core-interlocked-l1-1-0.dll
0x000001c1c1120000 - 0x000001c1c1123000 	C:\Program Files\Java\javafx-sdk-15.0.1\bin\api-ms-win-core-libraryloader-l1-1-0.dll
0x000001c1c1130000 - 0x000001c1c1133000 	C:\Program Files\Java\javafx-sdk-15.0.1\bin\api-ms-win-core-localization-l1-2-0.dll
0x000001c1c1140000 - 0x000001c1c1143000 	C:\Program Files\Java\javafx-sdk-15.0.1\bin\api-ms-win-core-memory-l1-1-0.dll
0x000001c1c1150000 - 0x000001c1c1153000 	C:\Program Files\Java\javafx-sdk-15.0.1\bin\api-ms-win-core-namedpipe-l1-1-0.dll
0x000001c1c1160000 - 0x000001c1c1163000 	C:\Program Files\Java\javafx-sdk-15.0.1\bin\api-ms-win-core-processenvironment-l1-1-0.dll
0x000001c1c1170000 - 0x000001c1c1173000 	C:\Program Files\Java\javafx-sdk-15.0.1\bin\api-ms-win-core-processthreads-l1-1-0.dll
0x000001c1c1180000 - 0x000001c1c1183000 	C:\Program Files\Java\javafx-sdk-15.0.1\bin\api-ms-win-core-processthreads-l1-1-1.dll
0x000001c1c1190000 - 0x000001c1c1193000 	C:\Program Files\Java\javafx-sdk-15.0.1\bin\api-ms-win-core-profile-l1-1-0.dll
0x000001c1c11a0000 - 0x000001c1c11a3000 	C:\Program Files\Java\javafx-sdk-15.0.1\bin\api-ms-win-core-rtlsupport-l1-1-0.dll
0x000001c1c11b0000 - 0x000001c1c11b3000 	C:\Program Files\Java\javafx-sdk-15.0.1\bin\api-ms-win-core-string-l1-1-0.dll
0x000001c1c11c0000 - 0x000001c1c11c3000 	C:\Program Files\Java\javafx-sdk-15.0.1\bin\api-ms-win-core-synch-l1-1-0.dll
0x000001c1c11d0000 - 0x000001c1c11d3000 	C:\Program Files\Java\javafx-sdk-15.0.1\bin\api-ms-win-core-synch-l1-2-0.dll
0x000001c1c11e0000 - 0x000001c1c11e3000 	C:\Program Files\Java\javafx-sdk-15.0.1\bin\api-ms-win-core-sysinfo-l1-1-0.dll
0x000001c1c11f0000 - 0x000001c1c11f3000 	C:\Program Files\Java\javafx-sdk-15.0.1\bin\api-ms-win-core-timezone-l1-1-0.dll
0x000001c1c1200000 - 0x000001c1c1203000 	C:\Program Files\Java\javafx-sdk-15.0.1\bin\api-ms-win-core-util-l1-1-0.dll
0x000001c1c1210000 - 0x000001c1c1213000 	C:\Program Files\Java\javafx-sdk-15.0.1\bin\api-ms-win-crt-conio-l1-1-0.dll
0x000001c1c1220000 - 0x000001c1c1224000 	C:\Program Files\Java\javafx-sdk-15.0.1\bin\api-ms-win-crt-convert-l1-1-0.dll
0x000001c1c1230000 - 0x000001c1c1233000 	C:\Program Files\Java\javafx-sdk-15.0.1\bin\api-ms-win-crt-environment-l1-1-0.dll
0x000001c1c1240000 - 0x000001c1c1243000 	C:\Program Files\Java\javafx-sdk-15.0.1\bin\api-ms-win-crt-filesystem-l1-1-0.dll
0x000001c1c1250000 - 0x000001c1c1253000 	C:\Program Files\Java\javafx-sdk-15.0.1\bin\api-ms-win-crt-heap-l1-1-0.dll
0x000001c1c1260000 - 0x000001c1c1263000 	C:\Program Files\Java\javafx-sdk-15.0.1\bin\api-ms-win-crt-locale-l1-1-0.dll
0x000001c1c1270000 - 0x000001c1c1275000 	C:\Program Files\Java\javafx-sdk-15.0.1\bin\api-ms-win-crt-math-l1-1-0.dll
0x000001c1c1280000 - 0x000001c1c1285000 	C:\Program Files\Java\javafx-sdk-15.0.1\bin\api-ms-win-crt-multibyte-l1-1-0.dll
0x000001c1c1290000 - 0x000001c1c12a0000 	C:\Program Files\Java\javafx-sdk-15.0.1\bin\api-ms-win-crt-private-l1-1-0.dll
0x000001c1c12a0000 - 0x000001c1c12a3000 	C:\Program Files\Java\javafx-sdk-15.0.1\bin\api-ms-win-crt-process-l1-1-0.dll
0x000001c1c12b0000 - 0x000001c1c12b4000 	C:\Program Files\Java\javafx-sdk-15.0.1\bin\api-ms-win-crt-runtime-l1-1-0.dll
0x000001c1c12c0000 - 0x000001c1c12c4000 	C:\Program Files\Java\javafx-sdk-15.0.1\bin\api-ms-win-crt-stdio-l1-1-0.dll
0x000001c1c12d0000 - 0x000001c1c12d4000 	C:\Program Files\Java\javafx-sdk-15.0.1\bin\api-ms-win-crt-string-l1-1-0.dll
0x000001c1c12e0000 - 0x000001c1c12e3000 	C:\Program Files\Java\javafx-sdk-15.0.1\bin\api-ms-win-crt-time-l1-1-0.dll
0x000001c1c12f0000 - 0x000001c1c12f3000 	C:\Program Files\Java\javafx-sdk-15.0.1\bin\api-ms-win-crt-utility-l1-1-0.dll
0x00007fffe7da0000 - 0x00007fffe7e9c000 	C:\Program Files\Java\javafx-sdk-15.0.1\bin\ucrtbase.dll
0x00007ffff5380000 - 0x00007ffff5395000 	C:\Program Files\Java\javafx-sdk-15.0.1\bin\vcruntime140.dll
0x00007ff8043d0000 - 0x00007ff8043dc000 	C:\Windows\System32\vcruntime140_1.dll
0x00007fffe7d00000 - 0x00007fffe7d9b000 	C:\Program Files\Java\javafx-sdk-15.0.1\bin\msvcp140.dll
0x00007ffff5350000 - 0x00007ffff5373000 	C:\Program Files\Java\javafx-sdk-15.0.1\bin\prism_d3d.dll
0x00007fffe5c90000 - 0x00007fffe5e27000 	C:\WINDOWS\system32\d3d9.dll
0x00007ff805d10000 - 0x00007ff805d39000 	C:\WINDOWS\SYSTEM32\dwmapi.dll
0x00007ff805a30000 - 0x00007ff805ac8000 	C:\WINDOWS\system32\uxtheme.dll
0x00007fffc8a90000 - 0x00007fffce275000 	C:\WINDOWS\System32\DriverStore\FileRepository\k120507.inf_amd64_86f83182248e6e51\igdumdim64.dll
0x00007ff809270000 - 0x00007ff809332000 	C:\WINDOWS\System32\OLEAUT32.dll
0x00007ff809770000 - 0x00007ff8098c1000 	C:\WINDOWS\System32\ole32.dll
0x00007ff808c40000 - 0x00007ff80908b000 	C:\WINDOWS\System32\SETUPAPI.dll
0x00007fffe9110000 - 0x00007fffe9155000 	C:\Program Files\Java\javafx-sdk-15.0.1\bin\glass.dll
0x00007ff80adf0000 - 0x00007ff80aedd000 	C:\WINDOWS\System32\COMDLG32.dll
0x00007ff8090f0000 - 0x00007ff809263000 	C:\WINDOWS\System32\MSCTF.dll
0x00007ffffee90000 - 0x00007ffffffee000 	C:\WINDOWS\System32\DriverStore\FileRepository\k120507.inf_amd64_86f83182248e6e51\igc64.dll
0x00007fffe7990000 - 0x00007fffe79a4000 	C:\Program Files\Java\javafx-sdk-15.0.1\bin\javafx_font.dll
0x00007fffc5060000 - 0x00007fffc8a8e000 	C:\Program Files\Java\javafx-sdk-15.0.1\bin\jfxwebkit.dll
0x00007ff806fa0000 - 0x00007ff806fb7000 	C:\WINDOWS\SYSTEM32\CRYPTSP.dll
0x00007ff8069d0000 - 0x00007ff806a03000 	C:\WINDOWS\system32\rsaenh.dll
0x00007ff8070d0000 - 0x00007ff8070f5000 	C:\WINDOWS\SYSTEM32\bcrypt.dll
0x00007ff806fc0000 - 0x00007ff806fcb000 	C:\WINDOWS\SYSTEM32\CRYPTBASE.dll
0x00007ffffc0c0000 - 0x00007ffffc3dc000 	C:\WINDOWS\SYSTEM32\dwrite.dll
0x00007ffff4d40000 - 0x00007ffff4d65000 	C:\Program Files\Java\jdk-14.0.2\bin\sunec.dll
0x00007ff8074a0000 - 0x00007ff8074c8000 	C:\WINDOWS\SYSTEM32\USERENV.dll
0x00007ff806b70000 - 0x00007ff806ba8000 	C:\WINDOWS\SYSTEM32\IPHLPAPI.DLL
0x00007ff80aef0000 - 0x00007ff80aef8000 	C:\WINDOWS\System32\NSI.dll
0x00007ff8008a0000 - 0x00007ff8008b6000 	C:\WINDOWS\SYSTEM32\dhcpcsvc6.DLL
0x00007ff8007d0000 - 0x00007ff8007ea000 	C:\WINDOWS\SYSTEM32\dhcpcsvc.DLL
0x00007ffff53f0000 - 0x00007ffff53fe000 	C:\Program Files\Java\jdk-14.0.2\bin\sunmscapi.dll
0x00007ff8076e0000 - 0x00007ff8078c2000 	C:\WINDOWS\System32\CRYPT32.dll
0x00007ff807570000 - 0x00007ff807582000 	C:\WINDOWS\System32\MSASN1.dll
0x00007ff8070a0000 - 0x00007ff8070c6000 	C:\WINDOWS\SYSTEM32\ncrypt.dll
0x00007ff807060000 - 0x00007ff807096000 	C:\WINDOWS\SYSTEM32\NTASN1.dll
0x00007ff806bb0000 - 0x00007ff806c6e000 	C:\WINDOWS\SYSTEM32\DNSAPI.dll
0x00007ffffdfc0000 - 0x00007ffffdfca000 	C:\Windows\System32\rasadhlp.dll
0x00007ffffeb60000 - 0x00007ffffebd2000 	C:\WINDOWS\System32\fwpuclnt.dll
0x00007ff808b00000 - 0x00007ff808ba0000 	C:\WINDOWS\System32\clbcatq.dll
0x00007ff8034e0000 - 0x00007ff80368e000 	C:\WINDOWS\SYSTEM32\WindowsCodecs.dll
0x00007ffff3260000 - 0x00007ffff32b8000 	C:\WINDOWS\system32\dataexchange.dll
0x00007ff805220000 - 0x00007ff8053bc000 	C:\WINDOWS\system32\dcomp.dll

dbghelp: loaded successfully - version: 4.0.5 - missing functions: none
symbol engine: initialized successfully - sym options: 0x614 - pdb path: .;C:\Program Files\Java\jdk-14.0.2\bin;C:\WINDOWS\SYSTEM32;C:\WINDOWS\WinSxS\amd64_microsoft.windows.common-controls_6595b64144ccf1df_6.0.17134.799_none_fb46a2653061bee5;C:\Program Files\Java\jdk-14.0.2\bin\server;C:\Program Files\Java\javafx-sdk-15.0.1\bin;C:\WINDOWS\System32\DriverStore\FileRepository\k120507.inf_amd64_86f83182248e6e51;C:\Program Files\Common Files\Microsoft Shared\Ink

VM Arguments:
jvm_args: -Dfile.encoding=UTF-8 --module-path=C:\Program Files\Java\javafx-sdk-15.0.1\lib --add-modules=ALL-MODULE-PATH 
java_command: browser1.Browser1
java_class_path (initial): F:\mysql-connector-java-8.0.23\mysql-connector-java-8.0.23.jar;C:\Program Files\Java\javafx-sdk-15.0.1\lib\javafx-swt.jar;C:\Program Files\Java\javafx-sdk-15.0.1\lib\javafx.base.jar;C:\Program Files\Java\javafx-sdk-15.0.1\lib\javafx.controls.jar;C:\Program Files\Java\javafx-sdk-15.0.1\lib\javafx.fxml.jar;C:\Program Files\Java\javafx-sdk-15.0.1\lib\javafx.graphics.jar;C:\Program Files\Java\javafx-sdk-15.0.1\lib\javafx.media.jar;C:\Program Files\Java\javafx-sdk-15.0.1\lib\javafx.swing.jar;C:\Program Files\Java\javafx-sdk-15.0.1\lib\javafx.web.jar;F:\browser_2.1\browser\build\classes
Launcher Type: SUN_STANDARD

[Global flags]
     intx CICompilerCount                          = 3                                         {product} {ergonomic}
     uint ConcGCThreads                            = 1                                         {product} {ergonomic}
     uint G1ConcRefinementThreads                  = 4                                         {product} {ergonomic}
   size_t G1HeapRegionSize                         = 1048576                                   {product} {ergonomic}
    uintx GCDrainStackTargetSize                   = 64                                        {product} {ergonomic}
   size_t InitialHeapSize                          = 67108864                                  {product} {ergonomic}
   size_t MarkStackSize                            = 4194304                                   {product} {ergonomic}
   size_t MaxHeapSize                              = 1044381696                                {product} {ergonomic}
   size_t MaxNewSize                               = 625999872                                 {product} {ergonomic}
   size_t MinHeapDeltaBytes                        = 1048576                                   {product} {ergonomic}
   size_t MinHeapSize                              = 8388608                                   {product} {ergonomic}
    uintx NonNMethodCodeHeapSize                   = 5832780                                {pd product} {ergonomic}
    uintx NonProfiledCodeHeapSize                  = 122912730                              {pd product} {ergonomic}
    uintx ProfiledCodeHeapSize                     = 122912730                              {pd product} {ergonomic}
    uintx ReservedCodeCacheSize                    = 251658240                              {pd product} {ergonomic}
     bool SegmentedCodeCache                       = true                                      {product} {ergonomic}
   size_t SoftMaxHeapSize                          = 1044381696                             {manageable} {ergonomic}
     bool UseCompressedClassPointers               = true                                 {lp64_product} {ergonomic}
     bool UseCompressedOops                        = true                                 {lp64_product} {ergonomic}
     bool UseG1GC                                  = true                                      {product} {ergonomic}
     bool UseLargePagesIndividualAllocation        = false                                  {pd product} {ergonomic}

Logging:
Log output configuration:
 #0: stdout all=warning uptime,level,tags
 #1: stderr all=off uptime,level,tags

Environment Variables:
JAVA_HOME=C:\Program Files\Java\jdk-14.0.2
PATH="C:\WINDOWS\system32;C:\Program Files\Java\jdk1.8.0_241\bin;C:\Program Files\Java\jdk1.8.0_241\bin";C:\WINDOWS;C:\WINDOWS\System32\Wbem;C:\WINDOWS\System32\WindowsPowerShell\v1.0\;C:\WINDOWS\System32\OpenSSH\;C:\Program Files (x86)\Microsoft SQL Server\100\Tools\Binn\;C:\Program Files\Microsoft SQL Server\100\Tools\Binn\;C:\Program Files\Microsoft SQL Server\100\DTS\Binn\;C:\Program Files\Java\jdk-14.0.2\bin;"C:\WINDOWS\system32;C:\Program Files\Java\jdk1.8.0_241\bin;C:\Program Files\Java\jdk1.8.0_241\bin";C:\WINDOWS;C:\WINDOWS\System32\Wbem;C:\WINDOWS\System32\WindowsPowerShell\v1.0\;C:\WINDOWS\System32\OpenSSH\;C:\Program Files (x86)\Microsoft SQL Server\100\Tools\Binn\;C:\Program Files\Microsoft SQL Server\100\Tools\Binn\;C:\Program Files\Microsoft SQL Server\100\DTS\Binn\;C:\Program Files\Java\jdk-14.0.2\bin;;;C:\Program Files\Java\jdk1.8.0_241\bin;C:\Program Files\Java\jre1.8.0_241\bin
USERNAME=PC
OS=Windows_NT
PROCESSOR_IDENTIFIER=Intel64 Family 6 Model 94 Stepping 3, GenuineIntel



---------------  S Y S T E M  ---------------

OS: Windows 10 , 64 bit Build 17134 (10.0.17134.753)
OS uptime: 0 days 6:05 hours

CPU:total 4 (initial active 4) (2 cores per cpu, 2 threads per core) family 6 model 94 stepping 3, cmov, cx8, fxsr, mmx, sse, sse2, sse3, ssse3, sse4.1, sse4.2, popcnt, avx, avx2, aes, clmul, erms, 3dnowpref, lzcnt, ht, tsc, tscinvbit, bmi1, bmi2, adx, fma

Memory: 4k page, system-wide physical 3981M (708M free)
TotalPageFile size 6772M (AvailPageFile size 1034M)
current process WorkingSet (physical memory assigned to process): 581M, peak: 670M
current process commit charge ("private bytes"): 600M, peak: 693M

vm_info: Java HotSpot(TM) 64-Bit Server VM (14.0.2+12-46) for windows-amd64 JRE (14.0.2+12-46), built on Jul  9 2020 00:35:52 by "mach5one" with MS VC++ 15.9 (VS2017)

END.
